\BOOKMARK [1][-]{section.1}{\376\377\137\025\212\000}{}% 1
\BOOKMARK [1][-]{section.2}{\376\377\145\271\154\325\213\272}{}% 2
\BOOKMARK [2][-]{subsection.2.1}{\376\377\145\160\143\156\230\204\131\004\164\006\116\016\122\240\217\175}{section.2}% 3
\BOOKMARK [2][-]{subsection.2.2}{\376\377\117\040\176\337\145\271\154\325\377\032\000H\000O\000G\000\040\000+\000\040\000S\000V\000M}{section.2}% 4
\BOOKMARK [3][-]{subsubsection.2.2.1}{\376\377\162\171\137\201\143\320\123\326}{subsection.2.2}% 5
\BOOKMARK [3][-]{subsubsection.2.2.2}{\376\377\152\041\127\213\147\204\136\372\116\016\213\255\176\303}{subsection.2.2}% 6
\BOOKMARK [2][-]{subsection.2.3}{\376\377\155\361\136\246\133\146\116\140\145\271\154\325\377\032\000R\000e\000s\000N\000e\000t\0001\0008}{section.2}% 7
\BOOKMARK [3][-]{subsubsection.2.3.1}{\376\377\152\041\127\213\147\266\147\204\116\016\217\301\171\373\133\146\116\140}{subsection.2.3}% 8
\BOOKMARK [3][-]{subsubsection.2.3.2}{\376\377\143\137\131\061\121\375\145\160\220\011\142\351\116\016\145\160\143\156\116\015\136\163\210\141\131\004\164\006}{subsection.2.3}% 9
\BOOKMARK [3][-]{subsubsection.2.3.3}{\376\377\117\030\123\026\126\150\116\016\133\146\116\140\163\207\214\003\136\246}{subsection.2.3}% 10
\BOOKMARK [3][-]{subsubsection.2.3.4}{\376\377\152\041\127\213\213\304\117\060\145\271\154\325}{subsection.2.3}% 11
\BOOKMARK [1][-]{section.3}{\376\377\133\236\232\214\176\323\147\234\116\016\122\006\147\220}{}% 12
\BOOKMARK [2][-]{subsection.3.1}{\376\377\145\160\143\156\226\306\122\006\136\003}{section.3}% 13
\BOOKMARK [2][-]{subsection.3.2}{\376\377\152\041\127\213\145\164\117\123\140\047\200\375\133\371\153\324}{section.3}% 14
\BOOKMARK [2][-]{subsection.3.3}{\376\377\174\173\122\053\176\247\140\047\200\375\122\006\147\220}{section.3}% 15
\BOOKMARK [2][-]{subsection.3.4}{\376\377\213\346\176\306\213\304\117\060\143\007\150\007}{section.3}% 16
\BOOKMARK [2][-]{subsection.3.5}{\376\377\155\367\155\306\167\351\226\065\122\006\147\220}{section.3}% 17
\BOOKMARK [1][-]{section.4}{\376\377\213\250\213\272}{}% 18
\BOOKMARK [2][-]{subsection.4.1}{\376\377\213\346\176\306\166\204\142\200\147\057\134\102\227\142\133\371\153\324}{section.4}% 19
\BOOKMARK [2][-]{subsection.4.2}{\376\377\213\346\134\075\166\204\117\030\177\072\160\271\122\006\147\220}{section.4}% 20
\BOOKMARK [1][-]{section.5}{\376\377\176\323\213\272\116\016\134\125\147\033}{}% 21
